<?xml version="1.0" encoding="UTF-8"?>
<!-- Generated by org.testng.reporters.JUnitXMLReporter -->
<testsuite hostname="SKNEETS" ignored="0" name="Default test" tests="5" failures="4" timestamp="2021-04-03T12:17:04 IST" time="142.902" errors="0">
  <testcase name="runScenario" time="118.356" classname="io.cucumber.testng.AbstractTestNGCucumberTests">
    <failure type="org.openqa.selenium.WebDriverException" message="chrome not reachable
Build info: version: &amp;apos;3.141.59&amp;apos;, revision: &amp;apos;e82be7d358&amp;apos;, time: &amp;apos;2018-11-14T08:17:03&amp;apos;
System info: host: &amp;apos;SKNEETS&amp;apos;, ip: &amp;apos;192.168.225.67&amp;apos;, os.name: &amp;apos;Windows 8.1&amp;apos;, os.arch: &amp;apos;amd64&amp;apos;, os.version: &amp;apos;6.3&amp;apos;, java.version: &amp;apos;1.8.0_261&amp;apos;
Driver info: driver.version: ChromeDriver
remote stacktrace: Backtrace:
	Ordinal0 [0x013FE7D3+124883]
	Ordinal0 [0x013FE7B1+124849]
	GetHandleVerifier [0x01648530+193488]
	GetHandleVerifier [0x0163E353+152051]
	GetHandleVerifier [0x016635A8+304200]
	GetHandleVerifier [0x0166021B+291003]
	GetHandleVerifier [0x0165E0AC+282444]
	GetHandleVerifier [0x01684A90+440624]
	GetHandleVerifier [0x016847FC+439964]
	GetHandleVerifier [0x0168154B+426987]
	GetHandleVerifier [0x01664FFD+310941]
	GetHandleVerifier [0x01665D8E+314414]
	GetHandleVerifier [0x01665D19+314297]
	GetHandleVerifier [0x017231EC+1089676]
	GetHandleVerifier [0x017217C9+1082985]
	GetHandleVerifier [0x017213A3+1081923]
	GetHandleVerifier [0x0181D9FD+2115741]
	Ordinal0 [0x0154B82E+1488942]
	Ordinal0 [0x014E5A7D+1071741]
	Ordinal0 [0x014E559B+1070491]
	Ordinal0 [0x014E54B1+1070257]
	Ordinal0 [0x0151FF53+1310547]
	BaseThreadInitThunk [0x75616A14+36]
	RtlInitializeExceptionChain [0x77E7AB4F+143]
	RtlInitializeExceptionChain [0x77E7AB1A+90]
">
      <![CDATA[org.openqa.selenium.WebDriverException: chrome not reachable
Build info: version: '3.141.59', revision: 'e82be7d358', time: '2018-11-14T08:17:03'
System info: host: 'SKNEETS', ip: '192.168.225.67', os.name: 'Windows 8.1', os.arch: 'amd64', os.version: '6.3', java.version: '1.8.0_261'
Driver info: driver.version: ChromeDriver
remote stacktrace: Backtrace:
Ordinal0 [0x013FE7D3+124883]
Ordinal0 [0x013FE7B1+124849]
GetHandleVerifier [0x01648530+193488]
GetHandleVerifier [0x0163E353+152051]
GetHandleVerifier [0x016635A8+304200]
GetHandleVerifier [0x0166021B+291003]
GetHandleVerifier [0x0165E0AC+282444]
GetHandleVerifier [0x01684A90+440624]
GetHandleVerifier [0x016847FC+439964]
GetHandleVerifier [0x0168154B+426987]
GetHandleVerifier [0x01664FFD+310941]
GetHandleVerifier [0x01665D8E+314414]
GetHandleVerifier [0x01665D19+314297]
GetHandleVerifier [0x017231EC+1089676]
GetHandleVerifier [0x017217C9+1082985]
GetHandleVerifier [0x017213A3+1081923]
GetHandleVerifier [0x0181D9FD+2115741]
Ordinal0 [0x0154B82E+1488942]
Ordinal0 [0x014E5A7D+1071741]
Ordinal0 [0x014E559B+1070491]
Ordinal0 [0x014E54B1+1070257]
Ordinal0 [0x0151FF53+1310547]
BaseThreadInitThunk [0x75616A14+36]
RtlInitializeExceptionChain [0x77E7AB4F+143]
RtlInitializeExceptionChain [0x77E7AB1A+90]

at sun.reflect.NativeConstructorAccessorImpl.newInstance0(Native Method)
at sun.reflect.NativeConstructorAccessorImpl.newInstance(NativeConstructorAccessorImpl.java:62)
at sun.reflect.DelegatingConstructorAccessorImpl.newInstance(DelegatingConstructorAccessorImpl.java:45)
at java.lang.reflect.Constructor.newInstance(Constructor.java:423)
at org.openqa.selenium.remote.W3CHandshakeResponse.lambda$errorHandler$0(W3CHandshakeResponse.java:62)
at org.openqa.selenium.remote.HandshakeResponse.lambda$getResponseFunction$0(HandshakeResponse.java:30)
at org.openqa.selenium.remote.ProtocolHandshake.lambda$createSession$0(ProtocolHandshake.java:126)
at java.util.stream.ReferencePipeline$3$1.accept(ReferencePipeline.java:193)
at java.util.Spliterators$ArraySpliterator.tryAdvance(Spliterators.java:958)
at java.util.stream.ReferencePipeline.forEachWithCancel(ReferencePipeline.java:126)
at java.util.stream.AbstractPipeline.copyIntoWithCancel(AbstractPipeline.java:499)
at java.util.stream.AbstractPipeline.copyInto(AbstractPipeline.java:486)
at java.util.stream.AbstractPipeline.wrapAndCopyInto(AbstractPipeline.java:472)
at java.util.stream.FindOps$FindOp.evaluateSequential(FindOps.java:152)
at java.util.stream.AbstractPipeline.evaluate(AbstractPipeline.java:234)
at java.util.stream.ReferencePipeline.findFirst(ReferencePipeline.java:464)
at org.openqa.selenium.remote.ProtocolHandshake.createSession(ProtocolHandshake.java:128)
at org.openqa.selenium.remote.ProtocolHandshake.createSession(ProtocolHandshake.java:74)
at org.openqa.selenium.remote.HttpCommandExecutor.execute(HttpCommandExecutor.java:136)
at org.openqa.selenium.remote.service.DriverCommandExecutor.execute(DriverCommandExecutor.java:83)
at org.openqa.selenium.remote.RemoteWebDriver.execute(RemoteWebDriver.java:552)
at org.openqa.selenium.remote.RemoteWebDriver.startSession(RemoteWebDriver.java:213)
at org.openqa.selenium.remote.RemoteWebDriver.<init>(RemoteWebDriver.java:131)
at org.openqa.selenium.chrome.ChromeDriver.<init>(ChromeDriver.java:181)
at org.openqa.selenium.chrome.ChromeDriver.<init>(ChromeDriver.java:168)
at org.openqa.selenium.chrome.ChromeDriver.<init>(ChromeDriver.java:123)
at com.qa.factory.DriverFactory.init_driver(DriverFactory.java:23)
at parallel.ApplicationHooks.launchBrowser(ApplicationHooks.java:32)
]]>
    </failure>
  </testcase> <!-- runScenario -->
  <testcase name="runScenario" time="118.357" classname="io.cucumber.testng.AbstractTestNGCucumberTests">
    <failure type="org.openqa.selenium.WebDriverException" message="chrome not reachable
Build info: version: &amp;apos;3.141.59&amp;apos;, revision: &amp;apos;e82be7d358&amp;apos;, time: &amp;apos;2018-11-14T08:17:03&amp;apos;
System info: host: &amp;apos;SKNEETS&amp;apos;, ip: &amp;apos;192.168.225.67&amp;apos;, os.name: &amp;apos;Windows 8.1&amp;apos;, os.arch: &amp;apos;amd64&amp;apos;, os.version: &amp;apos;6.3&amp;apos;, java.version: &amp;apos;1.8.0_261&amp;apos;
Driver info: driver.version: ChromeDriver
remote stacktrace: Backtrace:
	Ordinal0 [0x013FE7D3+124883]
	Ordinal0 [0x013FE7B1+124849]
	GetHandleVerifier [0x01648530+193488]
	GetHandleVerifier [0x0163E353+152051]
	GetHandleVerifier [0x016635A8+304200]
	GetHandleVerifier [0x0166021B+291003]
	GetHandleVerifier [0x0165E0AC+282444]
	GetHandleVerifier [0x01684A90+440624]
	GetHandleVerifier [0x016847FC+439964]
	GetHandleVerifier [0x0168154B+426987]
	GetHandleVerifier [0x01664FFD+310941]
	GetHandleVerifier [0x01665D8E+314414]
	GetHandleVerifier [0x01665D19+314297]
	GetHandleVerifier [0x017231EC+1089676]
	GetHandleVerifier [0x017217C9+1082985]
	GetHandleVerifier [0x017213A3+1081923]
	GetHandleVerifier [0x0181D9FD+2115741]
	Ordinal0 [0x0154B82E+1488942]
	Ordinal0 [0x014E5A7D+1071741]
	Ordinal0 [0x014E559B+1070491]
	Ordinal0 [0x014E54B1+1070257]
	Ordinal0 [0x0151FF53+1310547]
	BaseThreadInitThunk [0x75616A14+36]
	RtlInitializeExceptionChain [0x77E7AB4F+143]
	RtlInitializeExceptionChain [0x77E7AB1A+90]
">
      <![CDATA[org.openqa.selenium.WebDriverException: chrome not reachable
Build info: version: '3.141.59', revision: 'e82be7d358', time: '2018-11-14T08:17:03'
System info: host: 'SKNEETS', ip: '192.168.225.67', os.name: 'Windows 8.1', os.arch: 'amd64', os.version: '6.3', java.version: '1.8.0_261'
Driver info: driver.version: ChromeDriver
remote stacktrace: Backtrace:
Ordinal0 [0x013FE7D3+124883]
Ordinal0 [0x013FE7B1+124849]
GetHandleVerifier [0x01648530+193488]
GetHandleVerifier [0x0163E353+152051]
GetHandleVerifier [0x016635A8+304200]
GetHandleVerifier [0x0166021B+291003]
GetHandleVerifier [0x0165E0AC+282444]
GetHandleVerifier [0x01684A90+440624]
GetHandleVerifier [0x016847FC+439964]
GetHandleVerifier [0x0168154B+426987]
GetHandleVerifier [0x01664FFD+310941]
GetHandleVerifier [0x01665D8E+314414]
GetHandleVerifier [0x01665D19+314297]
GetHandleVerifier [0x017231EC+1089676]
GetHandleVerifier [0x017217C9+1082985]
GetHandleVerifier [0x017213A3+1081923]
GetHandleVerifier [0x0181D9FD+2115741]
Ordinal0 [0x0154B82E+1488942]
Ordinal0 [0x014E5A7D+1071741]
Ordinal0 [0x014E559B+1070491]
Ordinal0 [0x014E54B1+1070257]
Ordinal0 [0x0151FF53+1310547]
BaseThreadInitThunk [0x75616A14+36]
RtlInitializeExceptionChain [0x77E7AB4F+143]
RtlInitializeExceptionChain [0x77E7AB1A+90]

at sun.reflect.NativeConstructorAccessorImpl.newInstance0(Native Method)
at sun.reflect.NativeConstructorAccessorImpl.newInstance(NativeConstructorAccessorImpl.java:62)
at sun.reflect.DelegatingConstructorAccessorImpl.newInstance(DelegatingConstructorAccessorImpl.java:45)
at java.lang.reflect.Constructor.newInstance(Constructor.java:423)
at org.openqa.selenium.remote.W3CHandshakeResponse.lambda$errorHandler$0(W3CHandshakeResponse.java:62)
at org.openqa.selenium.remote.HandshakeResponse.lambda$getResponseFunction$0(HandshakeResponse.java:30)
at org.openqa.selenium.remote.ProtocolHandshake.lambda$createSession$0(ProtocolHandshake.java:126)
at java.util.stream.ReferencePipeline$3$1.accept(ReferencePipeline.java:193)
at java.util.Spliterators$ArraySpliterator.tryAdvance(Spliterators.java:958)
at java.util.stream.ReferencePipeline.forEachWithCancel(ReferencePipeline.java:126)
at java.util.stream.AbstractPipeline.copyIntoWithCancel(AbstractPipeline.java:499)
at java.util.stream.AbstractPipeline.copyInto(AbstractPipeline.java:486)
at java.util.stream.AbstractPipeline.wrapAndCopyInto(AbstractPipeline.java:472)
at java.util.stream.FindOps$FindOp.evaluateSequential(FindOps.java:152)
at java.util.stream.AbstractPipeline.evaluate(AbstractPipeline.java:234)
at java.util.stream.ReferencePipeline.findFirst(ReferencePipeline.java:464)
at org.openqa.selenium.remote.ProtocolHandshake.createSession(ProtocolHandshake.java:128)
at org.openqa.selenium.remote.ProtocolHandshake.createSession(ProtocolHandshake.java:74)
at org.openqa.selenium.remote.HttpCommandExecutor.execute(HttpCommandExecutor.java:136)
at org.openqa.selenium.remote.service.DriverCommandExecutor.execute(DriverCommandExecutor.java:83)
at org.openqa.selenium.remote.RemoteWebDriver.execute(RemoteWebDriver.java:552)
at org.openqa.selenium.remote.RemoteWebDriver.startSession(RemoteWebDriver.java:213)
at org.openqa.selenium.remote.RemoteWebDriver.<init>(RemoteWebDriver.java:131)
at org.openqa.selenium.chrome.ChromeDriver.<init>(ChromeDriver.java:181)
at org.openqa.selenium.chrome.ChromeDriver.<init>(ChromeDriver.java:168)
at org.openqa.selenium.chrome.ChromeDriver.<init>(ChromeDriver.java:123)
at com.qa.factory.DriverFactory.init_driver(DriverFactory.java:23)
at parallel.ApplicationHooks.launchBrowser(ApplicationHooks.java:32)
]]>
    </failure>
  </testcase> <!-- runScenario -->
  <testcase name="runScenario" time="118.358" classname="io.cucumber.testng.AbstractTestNGCucumberTests">
    <failure type="org.openqa.selenium.WebDriverException" message="chrome not reachable
Build info: version: &amp;apos;3.141.59&amp;apos;, revision: &amp;apos;e82be7d358&amp;apos;, time: &amp;apos;2018-11-14T08:17:03&amp;apos;
System info: host: &amp;apos;SKNEETS&amp;apos;, ip: &amp;apos;192.168.225.67&amp;apos;, os.name: &amp;apos;Windows 8.1&amp;apos;, os.arch: &amp;apos;amd64&amp;apos;, os.version: &amp;apos;6.3&amp;apos;, java.version: &amp;apos;1.8.0_261&amp;apos;
Driver info: driver.version: ChromeDriver
remote stacktrace: Backtrace:
	Ordinal0 [0x013FE7D3+124883]
	Ordinal0 [0x013FE7B1+124849]
	GetHandleVerifier [0x01648530+193488]
	GetHandleVerifier [0x0163E353+152051]
	GetHandleVerifier [0x016635A8+304200]
	GetHandleVerifier [0x0166021B+291003]
	GetHandleVerifier [0x0165E0AC+282444]
	GetHandleVerifier [0x01684A90+440624]
	GetHandleVerifier [0x016847FC+439964]
	GetHandleVerifier [0x0168154B+426987]
	GetHandleVerifier [0x01664FFD+310941]
	GetHandleVerifier [0x01665D8E+314414]
	GetHandleVerifier [0x01665D19+314297]
	GetHandleVerifier [0x017231EC+1089676]
	GetHandleVerifier [0x017217C9+1082985]
	GetHandleVerifier [0x017213A3+1081923]
	GetHandleVerifier [0x0181D9FD+2115741]
	Ordinal0 [0x0154B82E+1488942]
	Ordinal0 [0x014E5A7D+1071741]
	Ordinal0 [0x014E559B+1070491]
	Ordinal0 [0x014E54B1+1070257]
	Ordinal0 [0x0151FF53+1310547]
	BaseThreadInitThunk [0x75616A14+36]
	RtlInitializeExceptionChain [0x77E7AB4F+143]
	RtlInitializeExceptionChain [0x77E7AB1A+90]
">
      <![CDATA[org.openqa.selenium.WebDriverException: chrome not reachable
Build info: version: '3.141.59', revision: 'e82be7d358', time: '2018-11-14T08:17:03'
System info: host: 'SKNEETS', ip: '192.168.225.67', os.name: 'Windows 8.1', os.arch: 'amd64', os.version: '6.3', java.version: '1.8.0_261'
Driver info: driver.version: ChromeDriver
remote stacktrace: Backtrace:
Ordinal0 [0x013FE7D3+124883]
Ordinal0 [0x013FE7B1+124849]
GetHandleVerifier [0x01648530+193488]
GetHandleVerifier [0x0163E353+152051]
GetHandleVerifier [0x016635A8+304200]
GetHandleVerifier [0x0166021B+291003]
GetHandleVerifier [0x0165E0AC+282444]
GetHandleVerifier [0x01684A90+440624]
GetHandleVerifier [0x016847FC+439964]
GetHandleVerifier [0x0168154B+426987]
GetHandleVerifier [0x01664FFD+310941]
GetHandleVerifier [0x01665D8E+314414]
GetHandleVerifier [0x01665D19+314297]
GetHandleVerifier [0x017231EC+1089676]
GetHandleVerifier [0x017217C9+1082985]
GetHandleVerifier [0x017213A3+1081923]
GetHandleVerifier [0x0181D9FD+2115741]
Ordinal0 [0x0154B82E+1488942]
Ordinal0 [0x014E5A7D+1071741]
Ordinal0 [0x014E559B+1070491]
Ordinal0 [0x014E54B1+1070257]
Ordinal0 [0x0151FF53+1310547]
BaseThreadInitThunk [0x75616A14+36]
RtlInitializeExceptionChain [0x77E7AB4F+143]
RtlInitializeExceptionChain [0x77E7AB1A+90]

at sun.reflect.NativeConstructorAccessorImpl.newInstance0(Native Method)
at sun.reflect.NativeConstructorAccessorImpl.newInstance(NativeConstructorAccessorImpl.java:62)
at sun.reflect.DelegatingConstructorAccessorImpl.newInstance(DelegatingConstructorAccessorImpl.java:45)
at java.lang.reflect.Constructor.newInstance(Constructor.java:423)
at org.openqa.selenium.remote.W3CHandshakeResponse.lambda$errorHandler$0(W3CHandshakeResponse.java:62)
at org.openqa.selenium.remote.HandshakeResponse.lambda$getResponseFunction$0(HandshakeResponse.java:30)
at org.openqa.selenium.remote.ProtocolHandshake.lambda$createSession$0(ProtocolHandshake.java:126)
at java.util.stream.ReferencePipeline$3$1.accept(ReferencePipeline.java:193)
at java.util.Spliterators$ArraySpliterator.tryAdvance(Spliterators.java:958)
at java.util.stream.ReferencePipeline.forEachWithCancel(ReferencePipeline.java:126)
at java.util.stream.AbstractPipeline.copyIntoWithCancel(AbstractPipeline.java:499)
at java.util.stream.AbstractPipeline.copyInto(AbstractPipeline.java:486)
at java.util.stream.AbstractPipeline.wrapAndCopyInto(AbstractPipeline.java:472)
at java.util.stream.FindOps$FindOp.evaluateSequential(FindOps.java:152)
at java.util.stream.AbstractPipeline.evaluate(AbstractPipeline.java:234)
at java.util.stream.ReferencePipeline.findFirst(ReferencePipeline.java:464)
at org.openqa.selenium.remote.ProtocolHandshake.createSession(ProtocolHandshake.java:128)
at org.openqa.selenium.remote.ProtocolHandshake.createSession(ProtocolHandshake.java:74)
at org.openqa.selenium.remote.HttpCommandExecutor.execute(HttpCommandExecutor.java:136)
at org.openqa.selenium.remote.service.DriverCommandExecutor.execute(DriverCommandExecutor.java:83)
at org.openqa.selenium.remote.RemoteWebDriver.execute(RemoteWebDriver.java:552)
at org.openqa.selenium.remote.RemoteWebDriver.startSession(RemoteWebDriver.java:213)
at org.openqa.selenium.remote.RemoteWebDriver.<init>(RemoteWebDriver.java:131)
at org.openqa.selenium.chrome.ChromeDriver.<init>(ChromeDriver.java:181)
at org.openqa.selenium.chrome.ChromeDriver.<init>(ChromeDriver.java:168)
at org.openqa.selenium.chrome.ChromeDriver.<init>(ChromeDriver.java:123)
at com.qa.factory.DriverFactory.init_driver(DriverFactory.java:23)
at parallel.ApplicationHooks.launchBrowser(ApplicationHooks.java:32)
]]>
    </failure>
  </testcase> <!-- runScenario -->
  <testcase name="runScenario" time="118.356" classname="io.cucumber.testng.AbstractTestNGCucumberTests">
    <failure type="org.openqa.selenium.WebDriverException" message="chrome not reachable
Build info: version: &amp;apos;3.141.59&amp;apos;, revision: &amp;apos;e82be7d358&amp;apos;, time: &amp;apos;2018-11-14T08:17:03&amp;apos;
System info: host: &amp;apos;SKNEETS&amp;apos;, ip: &amp;apos;192.168.225.67&amp;apos;, os.name: &amp;apos;Windows 8.1&amp;apos;, os.arch: &amp;apos;amd64&amp;apos;, os.version: &amp;apos;6.3&amp;apos;, java.version: &amp;apos;1.8.0_261&amp;apos;
Driver info: driver.version: ChromeDriver
remote stacktrace: Backtrace:
	Ordinal0 [0x013FE7D3+124883]
	Ordinal0 [0x013FE7B1+124849]
	GetHandleVerifier [0x01648530+193488]
	GetHandleVerifier [0x0163E353+152051]
	GetHandleVerifier [0x016635A8+304200]
	GetHandleVerifier [0x0166021B+291003]
	GetHandleVerifier [0x0165E0AC+282444]
	GetHandleVerifier [0x01684A90+440624]
	GetHandleVerifier [0x016847FC+439964]
	GetHandleVerifier [0x0168154B+426987]
	GetHandleVerifier [0x01664FFD+310941]
	GetHandleVerifier [0x01665D8E+314414]
	GetHandleVerifier [0x01665D19+314297]
	GetHandleVerifier [0x017231EC+1089676]
	GetHandleVerifier [0x017217C9+1082985]
	GetHandleVerifier [0x017213A3+1081923]
	GetHandleVerifier [0x0181D9FD+2115741]
	Ordinal0 [0x0154B82E+1488942]
	Ordinal0 [0x014E5A7D+1071741]
	Ordinal0 [0x014E559B+1070491]
	Ordinal0 [0x014E54B1+1070257]
	Ordinal0 [0x0151FF53+1310547]
	BaseThreadInitThunk [0x75616A14+36]
	RtlInitializeExceptionChain [0x77E7AB4F+143]
	RtlInitializeExceptionChain [0x77E7AB1A+90]
">
      <![CDATA[org.openqa.selenium.WebDriverException: chrome not reachable
Build info: version: '3.141.59', revision: 'e82be7d358', time: '2018-11-14T08:17:03'
System info: host: 'SKNEETS', ip: '192.168.225.67', os.name: 'Windows 8.1', os.arch: 'amd64', os.version: '6.3', java.version: '1.8.0_261'
Driver info: driver.version: ChromeDriver
remote stacktrace: Backtrace:
Ordinal0 [0x013FE7D3+124883]
Ordinal0 [0x013FE7B1+124849]
GetHandleVerifier [0x01648530+193488]
GetHandleVerifier [0x0163E353+152051]
GetHandleVerifier [0x016635A8+304200]
GetHandleVerifier [0x0166021B+291003]
GetHandleVerifier [0x0165E0AC+282444]
GetHandleVerifier [0x01684A90+440624]
GetHandleVerifier [0x016847FC+439964]
GetHandleVerifier [0x0168154B+426987]
GetHandleVerifier [0x01664FFD+310941]
GetHandleVerifier [0x01665D8E+314414]
GetHandleVerifier [0x01665D19+314297]
GetHandleVerifier [0x017231EC+1089676]
GetHandleVerifier [0x017217C9+1082985]
GetHandleVerifier [0x017213A3+1081923]
GetHandleVerifier [0x0181D9FD+2115741]
Ordinal0 [0x0154B82E+1488942]
Ordinal0 [0x014E5A7D+1071741]
Ordinal0 [0x014E559B+1070491]
Ordinal0 [0x014E54B1+1070257]
Ordinal0 [0x0151FF53+1310547]
BaseThreadInitThunk [0x75616A14+36]
RtlInitializeExceptionChain [0x77E7AB4F+143]
RtlInitializeExceptionChain [0x77E7AB1A+90]

at sun.reflect.NativeConstructorAccessorImpl.newInstance0(Native Method)
at sun.reflect.NativeConstructorAccessorImpl.newInstance(NativeConstructorAccessorImpl.java:62)
at sun.reflect.DelegatingConstructorAccessorImpl.newInstance(DelegatingConstructorAccessorImpl.java:45)
at java.lang.reflect.Constructor.newInstance(Constructor.java:423)
at org.openqa.selenium.remote.W3CHandshakeResponse.lambda$errorHandler$0(W3CHandshakeResponse.java:62)
at org.openqa.selenium.remote.HandshakeResponse.lambda$getResponseFunction$0(HandshakeResponse.java:30)
at org.openqa.selenium.remote.ProtocolHandshake.lambda$createSession$0(ProtocolHandshake.java:126)
at java.util.stream.ReferencePipeline$3$1.accept(ReferencePipeline.java:193)
at java.util.Spliterators$ArraySpliterator.tryAdvance(Spliterators.java:958)
at java.util.stream.ReferencePipeline.forEachWithCancel(ReferencePipeline.java:126)
at java.util.stream.AbstractPipeline.copyIntoWithCancel(AbstractPipeline.java:499)
at java.util.stream.AbstractPipeline.copyInto(AbstractPipeline.java:486)
at java.util.stream.AbstractPipeline.wrapAndCopyInto(AbstractPipeline.java:472)
at java.util.stream.FindOps$FindOp.evaluateSequential(FindOps.java:152)
at java.util.stream.AbstractPipeline.evaluate(AbstractPipeline.java:234)
at java.util.stream.ReferencePipeline.findFirst(ReferencePipeline.java:464)
at org.openqa.selenium.remote.ProtocolHandshake.createSession(ProtocolHandshake.java:128)
at org.openqa.selenium.remote.ProtocolHandshake.createSession(ProtocolHandshake.java:74)
at org.openqa.selenium.remote.HttpCommandExecutor.execute(HttpCommandExecutor.java:136)
at org.openqa.selenium.remote.service.DriverCommandExecutor.execute(DriverCommandExecutor.java:83)
at org.openqa.selenium.remote.RemoteWebDriver.execute(RemoteWebDriver.java:552)
at org.openqa.selenium.remote.RemoteWebDriver.startSession(RemoteWebDriver.java:213)
at org.openqa.selenium.remote.RemoteWebDriver.<init>(RemoteWebDriver.java:131)
at org.openqa.selenium.chrome.ChromeDriver.<init>(ChromeDriver.java:181)
at org.openqa.selenium.chrome.ChromeDriver.<init>(ChromeDriver.java:168)
at org.openqa.selenium.chrome.ChromeDriver.<init>(ChromeDriver.java:123)
at com.qa.factory.DriverFactory.init_driver(DriverFactory.java:23)
at parallel.ApplicationHooks.launchBrowser(ApplicationHooks.java:32)
]]>
    </failure>
  </testcase> <!-- runScenario -->
  <testcase name="runScenario" time="118.357" classname="io.cucumber.testng.AbstractTestNGCucumberTests">
    <failure type="org.openqa.selenium.WebDriverException" message="chrome not reachable
Build info: version: &amp;apos;3.141.59&amp;apos;, revision: &amp;apos;e82be7d358&amp;apos;, time: &amp;apos;2018-11-14T08:17:03&amp;apos;
System info: host: &amp;apos;SKNEETS&amp;apos;, ip: &amp;apos;192.168.225.67&amp;apos;, os.name: &amp;apos;Windows 8.1&amp;apos;, os.arch: &amp;apos;amd64&amp;apos;, os.version: &amp;apos;6.3&amp;apos;, java.version: &amp;apos;1.8.0_261&amp;apos;
Driver info: driver.version: ChromeDriver
remote stacktrace: Backtrace:
	Ordinal0 [0x013FE7D3+124883]
	Ordinal0 [0x013FE7B1+124849]
	GetHandleVerifier [0x01648530+193488]
	GetHandleVerifier [0x0163E353+152051]
	GetHandleVerifier [0x016635A8+304200]
	GetHandleVerifier [0x0166021B+291003]
	GetHandleVerifier [0x0165E0AC+282444]
	GetHandleVerifier [0x01684A90+440624]
	GetHandleVerifier [0x016847FC+439964]
	GetHandleVerifier [0x0168154B+426987]
	GetHandleVerifier [0x01664FFD+310941]
	GetHandleVerifier [0x01665D8E+314414]
	GetHandleVerifier [0x01665D19+314297]
	GetHandleVerifier [0x017231EC+1089676]
	GetHandleVerifier [0x017217C9+1082985]
	GetHandleVerifier [0x017213A3+1081923]
	GetHandleVerifier [0x0181D9FD+2115741]
	Ordinal0 [0x0154B82E+1488942]
	Ordinal0 [0x014E5A7D+1071741]
	Ordinal0 [0x014E559B+1070491]
	Ordinal0 [0x014E54B1+1070257]
	Ordinal0 [0x0151FF53+1310547]
	BaseThreadInitThunk [0x75616A14+36]
	RtlInitializeExceptionChain [0x77E7AB4F+143]
	RtlInitializeExceptionChain [0x77E7AB1A+90]
">
      <![CDATA[org.openqa.selenium.WebDriverException: chrome not reachable
Build info: version: '3.141.59', revision: 'e82be7d358', time: '2018-11-14T08:17:03'
System info: host: 'SKNEETS', ip: '192.168.225.67', os.name: 'Windows 8.1', os.arch: 'amd64', os.version: '6.3', java.version: '1.8.0_261'
Driver info: driver.version: ChromeDriver
remote stacktrace: Backtrace:
Ordinal0 [0x013FE7D3+124883]
Ordinal0 [0x013FE7B1+124849]
GetHandleVerifier [0x01648530+193488]
GetHandleVerifier [0x0163E353+152051]
GetHandleVerifier [0x016635A8+304200]
GetHandleVerifier [0x0166021B+291003]
GetHandleVerifier [0x0165E0AC+282444]
GetHandleVerifier [0x01684A90+440624]
GetHandleVerifier [0x016847FC+439964]
GetHandleVerifier [0x0168154B+426987]
GetHandleVerifier [0x01664FFD+310941]
GetHandleVerifier [0x01665D8E+314414]
GetHandleVerifier [0x01665D19+314297]
GetHandleVerifier [0x017231EC+1089676]
GetHandleVerifier [0x017217C9+1082985]
GetHandleVerifier [0x017213A3+1081923]
GetHandleVerifier [0x0181D9FD+2115741]
Ordinal0 [0x0154B82E+1488942]
Ordinal0 [0x014E5A7D+1071741]
Ordinal0 [0x014E559B+1070491]
Ordinal0 [0x014E54B1+1070257]
Ordinal0 [0x0151FF53+1310547]
BaseThreadInitThunk [0x75616A14+36]
RtlInitializeExceptionChain [0x77E7AB4F+143]
RtlInitializeExceptionChain [0x77E7AB1A+90]

at sun.reflect.NativeConstructorAccessorImpl.newInstance0(Native Method)
at sun.reflect.NativeConstructorAccessorImpl.newInstance(NativeConstructorAccessorImpl.java:62)
at sun.reflect.DelegatingConstructorAccessorImpl.newInstance(DelegatingConstructorAccessorImpl.java:45)
at java.lang.reflect.Constructor.newInstance(Constructor.java:423)
at org.openqa.selenium.remote.W3CHandshakeResponse.lambda$errorHandler$0(W3CHandshakeResponse.java:62)
at org.openqa.selenium.remote.HandshakeResponse.lambda$getResponseFunction$0(HandshakeResponse.java:30)
at org.openqa.selenium.remote.ProtocolHandshake.lambda$createSession$0(ProtocolHandshake.java:126)
at java.util.stream.ReferencePipeline$3$1.accept(ReferencePipeline.java:193)
at java.util.Spliterators$ArraySpliterator.tryAdvance(Spliterators.java:958)
at java.util.stream.ReferencePipeline.forEachWithCancel(ReferencePipeline.java:126)
at java.util.stream.AbstractPipeline.copyIntoWithCancel(AbstractPipeline.java:499)
at java.util.stream.AbstractPipeline.copyInto(AbstractPipeline.java:486)
at java.util.stream.AbstractPipeline.wrapAndCopyInto(AbstractPipeline.java:472)
at java.util.stream.FindOps$FindOp.evaluateSequential(FindOps.java:152)
at java.util.stream.AbstractPipeline.evaluate(AbstractPipeline.java:234)
at java.util.stream.ReferencePipeline.findFirst(ReferencePipeline.java:464)
at org.openqa.selenium.remote.ProtocolHandshake.createSession(ProtocolHandshake.java:128)
at org.openqa.selenium.remote.ProtocolHandshake.createSession(ProtocolHandshake.java:74)
at org.openqa.selenium.remote.HttpCommandExecutor.execute(HttpCommandExecutor.java:136)
at org.openqa.selenium.remote.service.DriverCommandExecutor.execute(DriverCommandExecutor.java:83)
at org.openqa.selenium.remote.RemoteWebDriver.execute(RemoteWebDriver.java:552)
at org.openqa.selenium.remote.RemoteWebDriver.startSession(RemoteWebDriver.java:213)
at org.openqa.selenium.remote.RemoteWebDriver.<init>(RemoteWebDriver.java:131)
at org.openqa.selenium.chrome.ChromeDriver.<init>(ChromeDriver.java:181)
at org.openqa.selenium.chrome.ChromeDriver.<init>(ChromeDriver.java:168)
at org.openqa.selenium.chrome.ChromeDriver.<init>(ChromeDriver.java:123)
at com.qa.factory.DriverFactory.init_driver(DriverFactory.java:23)
at parallel.ApplicationHooks.launchBrowser(ApplicationHooks.java:32)
]]>
    </failure>
  </testcase> <!-- runScenario -->
</testsuite> <!-- Default test -->
