<?xml version="1.0" encoding="UTF-8"?>
<testng-results skipped="0" failed="5" ignored="0" total="5" passed="0">
  <reporter-output>
  </reporter-output>
  <suite name="Default suite" duration-ms="142902" started-at="2021-04-03T12:14:40 IST" finished-at="2021-04-03T12:17:03 IST">
    <groups>
      <group name="cucumber">
        <method signature="AbstractTestNGCucumberTests.runScenario(io.cucumber.testng.PickleWrapper,io.cucumber.testng.FeatureWrapper)[pri:0, instance:parallel.ParallelRun@78186a70]" name="runScenario" class="io.cucumber.testng.AbstractTestNGCucumberTests"/>
      </group> <!-- cucumber -->
    </groups>
    <test name="Default test" duration-ms="142902" started-at="2021-04-03T12:14:40 IST" finished-at="2021-04-03T12:17:03 IST">
      <class name="parallel.ParallelRun">
        <test-method status="PASS" signature="setUpClass()[pri:0, instance:parallel.ParallelRun@78186a70]" name="setUpClass" is-config="true" duration-ms="5810" started-at="2021-04-03T12:14:40 IST" finished-at="2021-04-03T12:14:46 IST">
          <reporter-output>
          </reporter-output>
        </test-method> <!-- setUpClass -->
        <test-method status="FAIL" signature="runScenario(io.cucumber.testng.PickleWrapper,io.cucumber.testng.FeatureWrapper)[pri:0, instance:parallel.ParallelRun@78186a70]" name="runScenario" duration-ms="118356" started-at="2021-04-03T12:14:46 IST" description="Runs Cucumber Scenarios" data-provider="scenarios" finished-at="2021-04-03T12:16:45 IST">
          <params>
            <param index="0">
              <value>
                <![CDATA["Accounts page title"]]>
              </value>
            </param>
            <param index="1">
              <value>
                <![CDATA["Optional[Account Page Feature]"]]>
              </value>
            </param>
          </params>
          <exception class="org.openqa.selenium.WebDriverException">
            <message>
              <![CDATA[chrome not reachable
Build info: version: '3.141.59', revision: 'e82be7d358', time: '2018-11-14T08:17:03'
System info: host: 'SKNEETS', ip: '192.168.225.67', os.name: 'Windows 8.1', os.arch: 'amd64', os.version: '6.3', java.version: '1.8.0_261'
Driver info: driver.version: ChromeDriver
remote stacktrace: Backtrace:
Ordinal0 [0x013FE7D3+124883]
Ordinal0 [0x013FE7B1+124849]
GetHandleVerifier [0x01648530+193488]
GetHandleVerifier [0x0163E353+152051]
GetHandleVerifier [0x016635A8+304200]
GetHandleVerifier [0x0166021B+291003]
GetHandleVerifier [0x0165E0AC+282444]
GetHandleVerifier [0x01684A90+440624]
GetHandleVerifier [0x016847FC+439964]
GetHandleVerifier [0x0168154B+426987]
GetHandleVerifier [0x01664FFD+310941]
GetHandleVerifier [0x01665D8E+314414]
GetHandleVerifier [0x01665D19+314297]
GetHandleVerifier [0x017231EC+1089676]
GetHandleVerifier [0x017217C9+1082985]
GetHandleVerifier [0x017213A3+1081923]
GetHandleVerifier [0x0181D9FD+2115741]
Ordinal0 [0x0154B82E+1488942]
Ordinal0 [0x014E5A7D+1071741]
Ordinal0 [0x014E559B+1070491]
Ordinal0 [0x014E54B1+1070257]
Ordinal0 [0x0151FF53+1310547]
BaseThreadInitThunk [0x75616A14+36]
RtlInitializeExceptionChain [0x77E7AB4F+143]
RtlInitializeExceptionChain [0x77E7AB1A+90]
]]>
            </message>
            <full-stacktrace>
              <![CDATA[org.openqa.selenium.WebDriverException: chrome not reachable
Build info: version: '3.141.59', revision: 'e82be7d358', time: '2018-11-14T08:17:03'
System info: host: 'SKNEETS', ip: '192.168.225.67', os.name: 'Windows 8.1', os.arch: 'amd64', os.version: '6.3', java.version: '1.8.0_261'
Driver info: driver.version: ChromeDriver
remote stacktrace: Backtrace:
Ordinal0 [0x013FE7D3+124883]
Ordinal0 [0x013FE7B1+124849]
GetHandleVerifier [0x01648530+193488]
GetHandleVerifier [0x0163E353+152051]
GetHandleVerifier [0x016635A8+304200]
GetHandleVerifier [0x0166021B+291003]
GetHandleVerifier [0x0165E0AC+282444]
GetHandleVerifier [0x01684A90+440624]
GetHandleVerifier [0x016847FC+439964]
GetHandleVerifier [0x0168154B+426987]
GetHandleVerifier [0x01664FFD+310941]
GetHandleVerifier [0x01665D8E+314414]
GetHandleVerifier [0x01665D19+314297]
GetHandleVerifier [0x017231EC+1089676]
GetHandleVerifier [0x017217C9+1082985]
GetHandleVerifier [0x017213A3+1081923]
GetHandleVerifier [0x0181D9FD+2115741]
Ordinal0 [0x0154B82E+1488942]
Ordinal0 [0x014E5A7D+1071741]
Ordinal0 [0x014E559B+1070491]
Ordinal0 [0x014E54B1+1070257]
Ordinal0 [0x0151FF53+1310547]
BaseThreadInitThunk [0x75616A14+36]
RtlInitializeExceptionChain [0x77E7AB4F+143]
RtlInitializeExceptionChain [0x77E7AB1A+90]

at sun.reflect.NativeConstructorAccessorImpl.newInstance0(Native Method)
at sun.reflect.NativeConstructorAccessorImpl.newInstance(NativeConstructorAccessorImpl.java:62)
at sun.reflect.DelegatingConstructorAccessorImpl.newInstance(DelegatingConstructorAccessorImpl.java:45)
at java.lang.reflect.Constructor.newInstance(Constructor.java:423)
at org.openqa.selenium.remote.W3CHandshakeResponse.lambda$errorHandler$0(W3CHandshakeResponse.java:62)
at org.openqa.selenium.remote.HandshakeResponse.lambda$getResponseFunction$0(HandshakeResponse.java:30)
at org.openqa.selenium.remote.ProtocolHandshake.lambda$createSession$0(ProtocolHandshake.java:126)
at java.util.stream.ReferencePipeline$3$1.accept(ReferencePipeline.java:193)
at java.util.Spliterators$ArraySpliterator.tryAdvance(Spliterators.java:958)
at java.util.stream.ReferencePipeline.forEachWithCancel(ReferencePipeline.java:126)
at java.util.stream.AbstractPipeline.copyIntoWithCancel(AbstractPipeline.java:499)
at java.util.stream.AbstractPipeline.copyInto(AbstractPipeline.java:486)
at java.util.stream.AbstractPipeline.wrapAndCopyInto(AbstractPipeline.java:472)
at java.util.stream.FindOps$FindOp.evaluateSequential(FindOps.java:152)
at java.util.stream.AbstractPipeline.evaluate(AbstractPipeline.java:234)
at java.util.stream.ReferencePipeline.findFirst(ReferencePipeline.java:464)
at org.openqa.selenium.remote.ProtocolHandshake.createSession(ProtocolHandshake.java:128)
at org.openqa.selenium.remote.ProtocolHandshake.createSession(ProtocolHandshake.java:74)
at org.openqa.selenium.remote.HttpCommandExecutor.execute(HttpCommandExecutor.java:136)
at org.openqa.selenium.remote.service.DriverCommandExecutor.execute(DriverCommandExecutor.java:83)
at org.openqa.selenium.remote.RemoteWebDriver.execute(RemoteWebDriver.java:552)
at org.openqa.selenium.remote.RemoteWebDriver.startSession(RemoteWebDriver.java:213)
at org.openqa.selenium.remote.RemoteWebDriver.<init>(RemoteWebDriver.java:131)
at org.openqa.selenium.chrome.ChromeDriver.<init>(ChromeDriver.java:181)
at org.openqa.selenium.chrome.ChromeDriver.<init>(ChromeDriver.java:168)
at org.openqa.selenium.chrome.ChromeDriver.<init>(ChromeDriver.java:123)
at com.qa.factory.DriverFactory.init_driver(DriverFactory.java:23)
at parallel.ApplicationHooks.launchBrowser(ApplicationHooks.java:32)
]]>
            </full-stacktrace>
          </exception> <!-- org.openqa.selenium.WebDriverException -->
          <reporter-output>
          </reporter-output>
        </test-method> <!-- runScenario -->
        <test-method status="FAIL" signature="runScenario(io.cucumber.testng.PickleWrapper,io.cucumber.testng.FeatureWrapper)[pri:0, instance:parallel.ParallelRun@78186a70]" name="runScenario" duration-ms="118357" started-at="2021-04-03T12:14:46 IST" description="Runs Cucumber Scenarios" data-provider="scenarios" finished-at="2021-04-03T12:16:45 IST">
          <params>
            <param index="0">
              <value>
                <![CDATA["Login Page Title"]]>
              </value>
            </param>
            <param index="1">
              <value>
                <![CDATA["Optional[Login Page Feature]"]]>
              </value>
            </param>
          </params>
          <exception class="org.openqa.selenium.WebDriverException">
            <message>
              <![CDATA[chrome not reachable
Build info: version: '3.141.59', revision: 'e82be7d358', time: '2018-11-14T08:17:03'
System info: host: 'SKNEETS', ip: '192.168.225.67', os.name: 'Windows 8.1', os.arch: 'amd64', os.version: '6.3', java.version: '1.8.0_261'
Driver info: driver.version: ChromeDriver
remote stacktrace: Backtrace:
Ordinal0 [0x013FE7D3+124883]
Ordinal0 [0x013FE7B1+124849]
GetHandleVerifier [0x01648530+193488]
GetHandleVerifier [0x0163E353+152051]
GetHandleVerifier [0x016635A8+304200]
GetHandleVerifier [0x0166021B+291003]
GetHandleVerifier [0x0165E0AC+282444]
GetHandleVerifier [0x01684A90+440624]
GetHandleVerifier [0x016847FC+439964]
GetHandleVerifier [0x0168154B+426987]
GetHandleVerifier [0x01664FFD+310941]
GetHandleVerifier [0x01665D8E+314414]
GetHandleVerifier [0x01665D19+314297]
GetHandleVerifier [0x017231EC+1089676]
GetHandleVerifier [0x017217C9+1082985]
GetHandleVerifier [0x017213A3+1081923]
GetHandleVerifier [0x0181D9FD+2115741]
Ordinal0 [0x0154B82E+1488942]
Ordinal0 [0x014E5A7D+1071741]
Ordinal0 [0x014E559B+1070491]
Ordinal0 [0x014E54B1+1070257]
Ordinal0 [0x0151FF53+1310547]
BaseThreadInitThunk [0x75616A14+36]
RtlInitializeExceptionChain [0x77E7AB4F+143]
RtlInitializeExceptionChain [0x77E7AB1A+90]
]]>
            </message>
            <full-stacktrace>
              <![CDATA[org.openqa.selenium.WebDriverException: chrome not reachable
Build info: version: '3.141.59', revision: 'e82be7d358', time: '2018-11-14T08:17:03'
System info: host: 'SKNEETS', ip: '192.168.225.67', os.name: 'Windows 8.1', os.arch: 'amd64', os.version: '6.3', java.version: '1.8.0_261'
Driver info: driver.version: ChromeDriver
remote stacktrace: Backtrace:
Ordinal0 [0x013FE7D3+124883]
Ordinal0 [0x013FE7B1+124849]
GetHandleVerifier [0x01648530+193488]
GetHandleVerifier [0x0163E353+152051]
GetHandleVerifier [0x016635A8+304200]
GetHandleVerifier [0x0166021B+291003]
GetHandleVerifier [0x0165E0AC+282444]
GetHandleVerifier [0x01684A90+440624]
GetHandleVerifier [0x016847FC+439964]
GetHandleVerifier [0x0168154B+426987]
GetHandleVerifier [0x01664FFD+310941]
GetHandleVerifier [0x01665D8E+314414]
GetHandleVerifier [0x01665D19+314297]
GetHandleVerifier [0x017231EC+1089676]
GetHandleVerifier [0x017217C9+1082985]
GetHandleVerifier [0x017213A3+1081923]
GetHandleVerifier [0x0181D9FD+2115741]
Ordinal0 [0x0154B82E+1488942]
Ordinal0 [0x014E5A7D+1071741]
Ordinal0 [0x014E559B+1070491]
Ordinal0 [0x014E54B1+1070257]
Ordinal0 [0x0151FF53+1310547]
BaseThreadInitThunk [0x75616A14+36]
RtlInitializeExceptionChain [0x77E7AB4F+143]
RtlInitializeExceptionChain [0x77E7AB1A+90]

at sun.reflect.NativeConstructorAccessorImpl.newInstance0(Native Method)
at sun.reflect.NativeConstructorAccessorImpl.newInstance(NativeConstructorAccessorImpl.java:62)
at sun.reflect.DelegatingConstructorAccessorImpl.newInstance(DelegatingConstructorAccessorImpl.java:45)
at java.lang.reflect.Constructor.newInstance(Constructor.java:423)
at org.openqa.selenium.remote.W3CHandshakeResponse.lambda$errorHandler$0(W3CHandshakeResponse.java:62)
at org.openqa.selenium.remote.HandshakeResponse.lambda$getResponseFunction$0(HandshakeResponse.java:30)
at org.openqa.selenium.remote.ProtocolHandshake.lambda$createSession$0(ProtocolHandshake.java:126)
at java.util.stream.ReferencePipeline$3$1.accept(ReferencePipeline.java:193)
at java.util.Spliterators$ArraySpliterator.tryAdvance(Spliterators.java:958)
at java.util.stream.ReferencePipeline.forEachWithCancel(ReferencePipeline.java:126)
at java.util.stream.AbstractPipeline.copyIntoWithCancel(AbstractPipeline.java:499)
at java.util.stream.AbstractPipeline.copyInto(AbstractPipeline.java:486)
at java.util.stream.AbstractPipeline.wrapAndCopyInto(AbstractPipeline.java:472)
at java.util.stream.FindOps$FindOp.evaluateSequential(FindOps.java:152)
at java.util.stream.AbstractPipeline.evaluate(AbstractPipeline.java:234)
at java.util.stream.ReferencePipeline.findFirst(ReferencePipeline.java:464)
at org.openqa.selenium.remote.ProtocolHandshake.createSession(ProtocolHandshake.java:128)
at org.openqa.selenium.remote.ProtocolHandshake.createSession(ProtocolHandshake.java:74)
at org.openqa.selenium.remote.HttpCommandExecutor.execute(HttpCommandExecutor.java:136)
at org.openqa.selenium.remote.service.DriverCommandExecutor.execute(DriverCommandExecutor.java:83)
at org.openqa.selenium.remote.RemoteWebDriver.execute(RemoteWebDriver.java:552)
at org.openqa.selenium.remote.RemoteWebDriver.startSession(RemoteWebDriver.java:213)
at org.openqa.selenium.remote.RemoteWebDriver.<init>(RemoteWebDriver.java:131)
at org.openqa.selenium.chrome.ChromeDriver.<init>(ChromeDriver.java:181)
at org.openqa.selenium.chrome.ChromeDriver.<init>(ChromeDriver.java:168)
at org.openqa.selenium.chrome.ChromeDriver.<init>(ChromeDriver.java:123)
at com.qa.factory.DriverFactory.init_driver(DriverFactory.java:23)
at parallel.ApplicationHooks.launchBrowser(ApplicationHooks.java:32)
]]>
            </full-stacktrace>
          </exception> <!-- org.openqa.selenium.WebDriverException -->
          <reporter-output>
          </reporter-output>
        </test-method> <!-- runScenario -->
        <test-method status="FAIL" signature="runScenario(io.cucumber.testng.PickleWrapper,io.cucumber.testng.FeatureWrapper)[pri:0, instance:parallel.ParallelRun@78186a70]" name="runScenario" duration-ms="118356" started-at="2021-04-03T12:14:46 IST" description="Runs Cucumber Scenarios" data-provider="scenarios" finished-at="2021-04-03T12:16:45 IST">
          <params>
            <param index="0">
              <value>
                <![CDATA["Accounts section count"]]>
              </value>
            </param>
            <param index="1">
              <value>
                <![CDATA["Optional[Account Page Feature]"]]>
              </value>
            </param>
          </params>
          <exception class="org.openqa.selenium.WebDriverException">
            <message>
              <![CDATA[chrome not reachable
Build info: version: '3.141.59', revision: 'e82be7d358', time: '2018-11-14T08:17:03'
System info: host: 'SKNEETS', ip: '192.168.225.67', os.name: 'Windows 8.1', os.arch: 'amd64', os.version: '6.3', java.version: '1.8.0_261'
Driver info: driver.version: ChromeDriver
remote stacktrace: Backtrace:
Ordinal0 [0x013FE7D3+124883]
Ordinal0 [0x013FE7B1+124849]
GetHandleVerifier [0x01648530+193488]
GetHandleVerifier [0x0163E353+152051]
GetHandleVerifier [0x016635A8+304200]
GetHandleVerifier [0x0166021B+291003]
GetHandleVerifier [0x0165E0AC+282444]
GetHandleVerifier [0x01684A90+440624]
GetHandleVerifier [0x016847FC+439964]
GetHandleVerifier [0x0168154B+426987]
GetHandleVerifier [0x01664FFD+310941]
GetHandleVerifier [0x01665D8E+314414]
GetHandleVerifier [0x01665D19+314297]
GetHandleVerifier [0x017231EC+1089676]
GetHandleVerifier [0x017217C9+1082985]
GetHandleVerifier [0x017213A3+1081923]
GetHandleVerifier [0x0181D9FD+2115741]
Ordinal0 [0x0154B82E+1488942]
Ordinal0 [0x014E5A7D+1071741]
Ordinal0 [0x014E559B+1070491]
Ordinal0 [0x014E54B1+1070257]
Ordinal0 [0x0151FF53+1310547]
BaseThreadInitThunk [0x75616A14+36]
RtlInitializeExceptionChain [0x77E7AB4F+143]
RtlInitializeExceptionChain [0x77E7AB1A+90]
]]>
            </message>
            <full-stacktrace>
              <![CDATA[org.openqa.selenium.WebDriverException: chrome not reachable
Build info: version: '3.141.59', revision: 'e82be7d358', time: '2018-11-14T08:17:03'
System info: host: 'SKNEETS', ip: '192.168.225.67', os.name: 'Windows 8.1', os.arch: 'amd64', os.version: '6.3', java.version: '1.8.0_261'
Driver info: driver.version: ChromeDriver
remote stacktrace: Backtrace:
Ordinal0 [0x013FE7D3+124883]
Ordinal0 [0x013FE7B1+124849]
GetHandleVerifier [0x01648530+193488]
GetHandleVerifier [0x0163E353+152051]
GetHandleVerifier [0x016635A8+304200]
GetHandleVerifier [0x0166021B+291003]
GetHandleVerifier [0x0165E0AC+282444]
GetHandleVerifier [0x01684A90+440624]
GetHandleVerifier [0x016847FC+439964]
GetHandleVerifier [0x0168154B+426987]
GetHandleVerifier [0x01664FFD+310941]
GetHandleVerifier [0x01665D8E+314414]
GetHandleVerifier [0x01665D19+314297]
GetHandleVerifier [0x017231EC+1089676]
GetHandleVerifier [0x017217C9+1082985]
GetHandleVerifier [0x017213A3+1081923]
GetHandleVerifier [0x0181D9FD+2115741]
Ordinal0 [0x0154B82E+1488942]
Ordinal0 [0x014E5A7D+1071741]
Ordinal0 [0x014E559B+1070491]
Ordinal0 [0x014E54B1+1070257]
Ordinal0 [0x0151FF53+1310547]
BaseThreadInitThunk [0x75616A14+36]
RtlInitializeExceptionChain [0x77E7AB4F+143]
RtlInitializeExceptionChain [0x77E7AB1A+90]

at sun.reflect.NativeConstructorAccessorImpl.newInstance0(Native Method)
at sun.reflect.NativeConstructorAccessorImpl.newInstance(NativeConstructorAccessorImpl.java:62)
at sun.reflect.DelegatingConstructorAccessorImpl.newInstance(DelegatingConstructorAccessorImpl.java:45)
at java.lang.reflect.Constructor.newInstance(Constructor.java:423)
at org.openqa.selenium.remote.W3CHandshakeResponse.lambda$errorHandler$0(W3CHandshakeResponse.java:62)
at org.openqa.selenium.remote.HandshakeResponse.lambda$getResponseFunction$0(HandshakeResponse.java:30)
at org.openqa.selenium.remote.ProtocolHandshake.lambda$createSession$0(ProtocolHandshake.java:126)
at java.util.stream.ReferencePipeline$3$1.accept(ReferencePipeline.java:193)
at java.util.Spliterators$ArraySpliterator.tryAdvance(Spliterators.java:958)
at java.util.stream.ReferencePipeline.forEachWithCancel(ReferencePipeline.java:126)
at java.util.stream.AbstractPipeline.copyIntoWithCancel(AbstractPipeline.java:499)
at java.util.stream.AbstractPipeline.copyInto(AbstractPipeline.java:486)
at java.util.stream.AbstractPipeline.wrapAndCopyInto(AbstractPipeline.java:472)
at java.util.stream.FindOps$FindOp.evaluateSequential(FindOps.java:152)
at java.util.stream.AbstractPipeline.evaluate(AbstractPipeline.java:234)
at java.util.stream.ReferencePipeline.findFirst(ReferencePipeline.java:464)
at org.openqa.selenium.remote.ProtocolHandshake.createSession(ProtocolHandshake.java:128)
at org.openqa.selenium.remote.ProtocolHandshake.createSession(ProtocolHandshake.java:74)
at org.openqa.selenium.remote.HttpCommandExecutor.execute(HttpCommandExecutor.java:136)
at org.openqa.selenium.remote.service.DriverCommandExecutor.execute(DriverCommandExecutor.java:83)
at org.openqa.selenium.remote.RemoteWebDriver.execute(RemoteWebDriver.java:552)
at org.openqa.selenium.remote.RemoteWebDriver.startSession(RemoteWebDriver.java:213)
at org.openqa.selenium.remote.RemoteWebDriver.<init>(RemoteWebDriver.java:131)
at org.openqa.selenium.chrome.ChromeDriver.<init>(ChromeDriver.java:181)
at org.openqa.selenium.chrome.ChromeDriver.<init>(ChromeDriver.java:168)
at org.openqa.selenium.chrome.ChromeDriver.<init>(ChromeDriver.java:123)
at com.qa.factory.DriverFactory.init_driver(DriverFactory.java:23)
at parallel.ApplicationHooks.launchBrowser(ApplicationHooks.java:32)
]]>
            </full-stacktrace>
          </exception> <!-- org.openqa.selenium.WebDriverException -->
          <reporter-output>
          </reporter-output>
        </test-method> <!-- runScenario -->
        <test-method status="FAIL" signature="runScenario(io.cucumber.testng.PickleWrapper,io.cucumber.testng.FeatureWrapper)[pri:0, instance:parallel.ParallelRun@78186a70]" name="runScenario" duration-ms="118358" started-at="2021-04-03T12:14:46 IST" description="Runs Cucumber Scenarios" data-provider="scenarios" finished-at="2021-04-03T12:16:45 IST">
          <params>
            <param index="0">
              <value>
                <![CDATA["Login with correct credentials"]]>
              </value>
            </param>
            <param index="1">
              <value>
                <![CDATA["Optional[Login Page Feature]"]]>
              </value>
            </param>
          </params>
          <exception class="org.openqa.selenium.WebDriverException">
            <message>
              <![CDATA[chrome not reachable
Build info: version: '3.141.59', revision: 'e82be7d358', time: '2018-11-14T08:17:03'
System info: host: 'SKNEETS', ip: '192.168.225.67', os.name: 'Windows 8.1', os.arch: 'amd64', os.version: '6.3', java.version: '1.8.0_261'
Driver info: driver.version: ChromeDriver
remote stacktrace: Backtrace:
Ordinal0 [0x013FE7D3+124883]
Ordinal0 [0x013FE7B1+124849]
GetHandleVerifier [0x01648530+193488]
GetHandleVerifier [0x0163E353+152051]
GetHandleVerifier [0x016635A8+304200]
GetHandleVerifier [0x0166021B+291003]
GetHandleVerifier [0x0165E0AC+282444]
GetHandleVerifier [0x01684A90+440624]
GetHandleVerifier [0x016847FC+439964]
GetHandleVerifier [0x0168154B+426987]
GetHandleVerifier [0x01664FFD+310941]
GetHandleVerifier [0x01665D8E+314414]
GetHandleVerifier [0x01665D19+314297]
GetHandleVerifier [0x017231EC+1089676]
GetHandleVerifier [0x017217C9+1082985]
GetHandleVerifier [0x017213A3+1081923]
GetHandleVerifier [0x0181D9FD+2115741]
Ordinal0 [0x0154B82E+1488942]
Ordinal0 [0x014E5A7D+1071741]
Ordinal0 [0x014E559B+1070491]
Ordinal0 [0x014E54B1+1070257]
Ordinal0 [0x0151FF53+1310547]
BaseThreadInitThunk [0x75616A14+36]
RtlInitializeExceptionChain [0x77E7AB4F+143]
RtlInitializeExceptionChain [0x77E7AB1A+90]
]]>
            </message>
            <full-stacktrace>
              <![CDATA[org.openqa.selenium.WebDriverException: chrome not reachable
Build info: version: '3.141.59', revision: 'e82be7d358', time: '2018-11-14T08:17:03'
System info: host: 'SKNEETS', ip: '192.168.225.67', os.name: 'Windows 8.1', os.arch: 'amd64', os.version: '6.3', java.version: '1.8.0_261'
Driver info: driver.version: ChromeDriver
remote stacktrace: Backtrace:
Ordinal0 [0x013FE7D3+124883]
Ordinal0 [0x013FE7B1+124849]
GetHandleVerifier [0x01648530+193488]
GetHandleVerifier [0x0163E353+152051]
GetHandleVerifier [0x016635A8+304200]
GetHandleVerifier [0x0166021B+291003]
GetHandleVerifier [0x0165E0AC+282444]
GetHandleVerifier [0x01684A90+440624]
GetHandleVerifier [0x016847FC+439964]
GetHandleVerifier [0x0168154B+426987]
GetHandleVerifier [0x01664FFD+310941]
GetHandleVerifier [0x01665D8E+314414]
GetHandleVerifier [0x01665D19+314297]
GetHandleVerifier [0x017231EC+1089676]
GetHandleVerifier [0x017217C9+1082985]
GetHandleVerifier [0x017213A3+1081923]
GetHandleVerifier [0x0181D9FD+2115741]
Ordinal0 [0x0154B82E+1488942]
Ordinal0 [0x014E5A7D+1071741]
Ordinal0 [0x014E559B+1070491]
Ordinal0 [0x014E54B1+1070257]
Ordinal0 [0x0151FF53+1310547]
BaseThreadInitThunk [0x75616A14+36]
RtlInitializeExceptionChain [0x77E7AB4F+143]
RtlInitializeExceptionChain [0x77E7AB1A+90]

at sun.reflect.NativeConstructorAccessorImpl.newInstance0(Native Method)
at sun.reflect.NativeConstructorAccessorImpl.newInstance(NativeConstructorAccessorImpl.java:62)
at sun.reflect.DelegatingConstructorAccessorImpl.newInstance(DelegatingConstructorAccessorImpl.java:45)
at java.lang.reflect.Constructor.newInstance(Constructor.java:423)
at org.openqa.selenium.remote.W3CHandshakeResponse.lambda$errorHandler$0(W3CHandshakeResponse.java:62)
at org.openqa.selenium.remote.HandshakeResponse.lambda$getResponseFunction$0(HandshakeResponse.java:30)
at org.openqa.selenium.remote.ProtocolHandshake.lambda$createSession$0(ProtocolHandshake.java:126)
at java.util.stream.ReferencePipeline$3$1.accept(ReferencePipeline.java:193)
at java.util.Spliterators$ArraySpliterator.tryAdvance(Spliterators.java:958)
at java.util.stream.ReferencePipeline.forEachWithCancel(ReferencePipeline.java:126)
at java.util.stream.AbstractPipeline.copyIntoWithCancel(AbstractPipeline.java:499)
at java.util.stream.AbstractPipeline.copyInto(AbstractPipeline.java:486)
at java.util.stream.AbstractPipeline.wrapAndCopyInto(AbstractPipeline.java:472)
at java.util.stream.FindOps$FindOp.evaluateSequential(FindOps.java:152)
at java.util.stream.AbstractPipeline.evaluate(AbstractPipeline.java:234)
at java.util.stream.ReferencePipeline.findFirst(ReferencePipeline.java:464)
at org.openqa.selenium.remote.ProtocolHandshake.createSession(ProtocolHandshake.java:128)
at org.openqa.selenium.remote.ProtocolHandshake.createSession(ProtocolHandshake.java:74)
at org.openqa.selenium.remote.HttpCommandExecutor.execute(HttpCommandExecutor.java:136)
at org.openqa.selenium.remote.service.DriverCommandExecutor.execute(DriverCommandExecutor.java:83)
at org.openqa.selenium.remote.RemoteWebDriver.execute(RemoteWebDriver.java:552)
at org.openqa.selenium.remote.RemoteWebDriver.startSession(RemoteWebDriver.java:213)
at org.openqa.selenium.remote.RemoteWebDriver.<init>(RemoteWebDriver.java:131)
at org.openqa.selenium.chrome.ChromeDriver.<init>(ChromeDriver.java:181)
at org.openqa.selenium.chrome.ChromeDriver.<init>(ChromeDriver.java:168)
at org.openqa.selenium.chrome.ChromeDriver.<init>(ChromeDriver.java:123)
at com.qa.factory.DriverFactory.init_driver(DriverFactory.java:23)
at parallel.ApplicationHooks.launchBrowser(ApplicationHooks.java:32)
]]>
            </full-stacktrace>
          </exception> <!-- org.openqa.selenium.WebDriverException -->
          <reporter-output>
          </reporter-output>
        </test-method> <!-- runScenario -->
        <test-method status="FAIL" signature="runScenario(io.cucumber.testng.PickleWrapper,io.cucumber.testng.FeatureWrapper)[pri:0, instance:parallel.ParallelRun@78186a70]" name="runScenario" duration-ms="118357" started-at="2021-04-03T12:14:46 IST" description="Runs Cucumber Scenarios" data-provider="scenarios" finished-at="2021-04-03T12:16:45 IST">
          <params>
            <param index="0">
              <value>
                <![CDATA["Forgot Password Link"]]>
              </value>
            </param>
            <param index="1">
              <value>
                <![CDATA["Optional[Login Page Feature]"]]>
              </value>
            </param>
          </params>
          <exception class="org.openqa.selenium.WebDriverException">
            <message>
              <![CDATA[chrome not reachable
Build info: version: '3.141.59', revision: 'e82be7d358', time: '2018-11-14T08:17:03'
System info: host: 'SKNEETS', ip: '192.168.225.67', os.name: 'Windows 8.1', os.arch: 'amd64', os.version: '6.3', java.version: '1.8.0_261'
Driver info: driver.version: ChromeDriver
remote stacktrace: Backtrace:
Ordinal0 [0x013FE7D3+124883]
Ordinal0 [0x013FE7B1+124849]
GetHandleVerifier [0x01648530+193488]
GetHandleVerifier [0x0163E353+152051]
GetHandleVerifier [0x016635A8+304200]
GetHandleVerifier [0x0166021B+291003]
GetHandleVerifier [0x0165E0AC+282444]
GetHandleVerifier [0x01684A90+440624]
GetHandleVerifier [0x016847FC+439964]
GetHandleVerifier [0x0168154B+426987]
GetHandleVerifier [0x01664FFD+310941]
GetHandleVerifier [0x01665D8E+314414]
GetHandleVerifier [0x01665D19+314297]
GetHandleVerifier [0x017231EC+1089676]
GetHandleVerifier [0x017217C9+1082985]
GetHandleVerifier [0x017213A3+1081923]
GetHandleVerifier [0x0181D9FD+2115741]
Ordinal0 [0x0154B82E+1488942]
Ordinal0 [0x014E5A7D+1071741]
Ordinal0 [0x014E559B+1070491]
Ordinal0 [0x014E54B1+1070257]
Ordinal0 [0x0151FF53+1310547]
BaseThreadInitThunk [0x75616A14+36]
RtlInitializeExceptionChain [0x77E7AB4F+143]
RtlInitializeExceptionChain [0x77E7AB1A+90]
]]>
            </message>
            <full-stacktrace>
              <![CDATA[org.openqa.selenium.WebDriverException: chrome not reachable
Build info: version: '3.141.59', revision: 'e82be7d358', time: '2018-11-14T08:17:03'
System info: host: 'SKNEETS', ip: '192.168.225.67', os.name: 'Windows 8.1', os.arch: 'amd64', os.version: '6.3', java.version: '1.8.0_261'
Driver info: driver.version: ChromeDriver
remote stacktrace: Backtrace:
Ordinal0 [0x013FE7D3+124883]
Ordinal0 [0x013FE7B1+124849]
GetHandleVerifier [0x01648530+193488]
GetHandleVerifier [0x0163E353+152051]
GetHandleVerifier [0x016635A8+304200]
GetHandleVerifier [0x0166021B+291003]
GetHandleVerifier [0x0165E0AC+282444]
GetHandleVerifier [0x01684A90+440624]
GetHandleVerifier [0x016847FC+439964]
GetHandleVerifier [0x0168154B+426987]
GetHandleVerifier [0x01664FFD+310941]
GetHandleVerifier [0x01665D8E+314414]
GetHandleVerifier [0x01665D19+314297]
GetHandleVerifier [0x017231EC+1089676]
GetHandleVerifier [0x017217C9+1082985]
GetHandleVerifier [0x017213A3+1081923]
GetHandleVerifier [0x0181D9FD+2115741]
Ordinal0 [0x0154B82E+1488942]
Ordinal0 [0x014E5A7D+1071741]
Ordinal0 [0x014E559B+1070491]
Ordinal0 [0x014E54B1+1070257]
Ordinal0 [0x0151FF53+1310547]
BaseThreadInitThunk [0x75616A14+36]
RtlInitializeExceptionChain [0x77E7AB4F+143]
RtlInitializeExceptionChain [0x77E7AB1A+90]

at sun.reflect.NativeConstructorAccessorImpl.newInstance0(Native Method)
at sun.reflect.NativeConstructorAccessorImpl.newInstance(NativeConstructorAccessorImpl.java:62)
at sun.reflect.DelegatingConstructorAccessorImpl.newInstance(DelegatingConstructorAccessorImpl.java:45)
at java.lang.reflect.Constructor.newInstance(Constructor.java:423)
at org.openqa.selenium.remote.W3CHandshakeResponse.lambda$errorHandler$0(W3CHandshakeResponse.java:62)
at org.openqa.selenium.remote.HandshakeResponse.lambda$getResponseFunction$0(HandshakeResponse.java:30)
at org.openqa.selenium.remote.ProtocolHandshake.lambda$createSession$0(ProtocolHandshake.java:126)
at java.util.stream.ReferencePipeline$3$1.accept(ReferencePipeline.java:193)
at java.util.Spliterators$ArraySpliterator.tryAdvance(Spliterators.java:958)
at java.util.stream.ReferencePipeline.forEachWithCancel(ReferencePipeline.java:126)
at java.util.stream.AbstractPipeline.copyIntoWithCancel(AbstractPipeline.java:499)
at java.util.stream.AbstractPipeline.copyInto(AbstractPipeline.java:486)
at java.util.stream.AbstractPipeline.wrapAndCopyInto(AbstractPipeline.java:472)
at java.util.stream.FindOps$FindOp.evaluateSequential(FindOps.java:152)
at java.util.stream.AbstractPipeline.evaluate(AbstractPipeline.java:234)
at java.util.stream.ReferencePipeline.findFirst(ReferencePipeline.java:464)
at org.openqa.selenium.remote.ProtocolHandshake.createSession(ProtocolHandshake.java:128)
at org.openqa.selenium.remote.ProtocolHandshake.createSession(ProtocolHandshake.java:74)
at org.openqa.selenium.remote.HttpCommandExecutor.execute(HttpCommandExecutor.java:136)
at org.openqa.selenium.remote.service.DriverCommandExecutor.execute(DriverCommandExecutor.java:83)
at org.openqa.selenium.remote.RemoteWebDriver.execute(RemoteWebDriver.java:552)
at org.openqa.selenium.remote.RemoteWebDriver.startSession(RemoteWebDriver.java:213)
at org.openqa.selenium.remote.RemoteWebDriver.<init>(RemoteWebDriver.java:131)
at org.openqa.selenium.chrome.ChromeDriver.<init>(ChromeDriver.java:181)
at org.openqa.selenium.chrome.ChromeDriver.<init>(ChromeDriver.java:168)
at org.openqa.selenium.chrome.ChromeDriver.<init>(ChromeDriver.java:123)
at com.qa.factory.DriverFactory.init_driver(DriverFactory.java:23)
at parallel.ApplicationHooks.launchBrowser(ApplicationHooks.java:32)
]]>
            </full-stacktrace>
          </exception> <!-- org.openqa.selenium.WebDriverException -->
          <reporter-output>
          </reporter-output>
        </test-method> <!-- runScenario -->
        <test-method status="PASS" signature="tearDownClass()[pri:0, instance:parallel.ParallelRun@78186a70]" name="tearDownClass" is-config="true" duration-ms="17970" started-at="2021-04-03T12:16:45 IST" finished-at="2021-04-03T12:17:03 IST">
          <reporter-output>
          </reporter-output>
        </test-method> <!-- tearDownClass -->
      </class> <!-- parallel.ParallelRun -->
    </test> <!-- Default test -->
  </suite> <!-- Default suite -->
</testng-results>
